groupify_final/build/app/intermediates/manifest_merge_blame_file/debug/manifest-merger-blame-debug-report.txt
1<?xml version="1.0" encoding="utf-8"?>
2<manifest xmlns:android="http://schemas.android.com/apk/res/android"
3    package="com.mycompany.Groupify"
4    android:versionCode="1"
5    android:versionName="1.0.0" >
6
7    <uses-sdk
8        android:minSdkVersion="21"
9        android:targetSdkVersion="34" />
10    <!--
11         Flutter needs it to communicate with the running application
12         to allow setting breakpoints, to provide hot reload, etc.
13    -->
14    <uses-permission android:name="android.permission.INTERNET" />
14-->src\main\AndroidManifest.xml:4:5-66
14-->src\main\AndroidManifest.xml:4:22-64
15    <uses-permission android:name="android.permission.ACCESS_NETWORK_STATE" />
15-->[com.google.firebase:firebase-auth:22.3.1] AndroidManifest.xml:26:5-79
15-->[com.google.firebase:firebase-auth:22.3.1] AndroidManifest.xml:26:22-76
16    <uses-permission android:name="com.google.android.providers.gsf.permission.READ_GSERVICES" />
16-->[com.google.android.recaptcha:recaptcha:18.4.0] AndroidManifest.xml:9:5-98
16-->[com.google.android.recaptcha:recaptcha:18.4.0] AndroidManifest.xml:9:22-95
17
18    <permission
18-->[androidx.core:core:1.10.1] AndroidManifest.xml:22:5-24:47
19        android:name="com.mycompany.Groupify.DYNAMIC_RECEIVER_NOT_EXPORTED_PERMISSION"
19-->[androidx.core:core:1.10.1] AndroidManifest.xml:23:9-81
20        android:protectionLevel="signature" />
20-->[androidx.core:core:1.10.1] AndroidManifest.xml:24:9-44
21
22    <uses-permission android:name="com.mycompany.Groupify.DYNAMIC_RECEIVER_NOT_EXPORTED_PERMISSION" />
22-->[androidx.core:core:1.10.1] AndroidManifest.xml:26:5-97
22-->[androidx.core:core:1.10.1] AndroidManifest.xml:26:22-94
23
24    <application
24-->src\main\AndroidManifest.xml:7:5-61:19
25        android:appComponentFactory="androidx.core.app.CoreComponentFactory"
25-->[androidx.core:core:1.10.1] AndroidManifest.xml:28:18-86
26        android:debuggable="true"
27        android:icon="@mipmap/ic_launcher"
27-->src\main\AndroidManifest.xml:10:9-43
28        android:label="Groupify Final"
28-->src\main\AndroidManifest.xml:8:9-39
29        android:requestLegacyExternalStorage="true" >
29-->src\main\AndroidManifest.xml:11:9-52
30        <activity
30-->src\main\AndroidManifest.xml:13:9-51:20
31            android:name="com.mycompany.Groupify.MainActivity"
31-->src\main\AndroidManifest.xml:14:13-41
32            android:configChanges="orientation|keyboardHidden|keyboard|screenSize|smallestScreenSize|locale|layoutDirection|fontScale|screenLayout|density|uiMode"
32-->src\main\AndroidManifest.xml:18:13-163
33            android:exported="true"
33-->src\main\AndroidManifest.xml:15:13-36
34            android:hardwareAccelerated="true"
34-->src\main\AndroidManifest.xml:19:13-47
35            android:launchMode="singleTop"
35-->src\main\AndroidManifest.xml:16:13-43
36            android:theme="@style/LaunchTheme"
36-->src\main\AndroidManifest.xml:17:13-47
37            android:windowSoftInputMode="adjustResize" >
37-->src\main\AndroidManifest.xml:20:13-55
38
39            <!--
40                 Specifies an Android theme to apply to this Activity as soon as
41                 the Android process has started. This theme is visible to the user
42                 while the Flutter UI initializes. After that, this theme continues
43                 to determine the Window background behind the Flutter UI.
44            -->
45            <meta-data
45-->src\main\AndroidManifest.xml:25:13-28:17
46                android:name="io.flutter.embedding.android.NormalTheme"
46-->src\main\AndroidManifest.xml:26:15-70
47                android:resource="@style/NormalTheme" />
47-->src\main\AndroidManifest.xml:27:15-52
48            <!--
49                 Displays an Android View that continues showing the launch screen
50                 Drawable until Flutter paints its first frame, then this splash
51                 screen fades out. A splash screen is useful to avoid any visual
52                 gap between the end of Android's launch screen and the painting of
53                 Flutter's first frame.
54            -->
55            <meta-data
55-->src\main\AndroidManifest.xml:34:13-37:17
56                android:name="io.flutter.embedding.android.SplashScreenDrawable"
56-->src\main\AndroidManifest.xml:35:15-79
57                android:resource="@drawable/launch_background" />
57-->src\main\AndroidManifest.xml:36:15-61
58
59            <intent-filter>
59-->src\main\AndroidManifest.xml:38:13-41:29
60                <action android:name="android.intent.action.MAIN" />
60-->src\main\AndroidManifest.xml:39:17-68
60-->src\main\AndroidManifest.xml:39:25-66
61
62                <category android:name="android.intent.category.LAUNCHER" />
62-->src\main\AndroidManifest.xml:40:17-76
62-->src\main\AndroidManifest.xml:40:27-74
63            </intent-filter>
64            <!-- Deep linking -->
65            <meta-data
65-->src\main\AndroidManifest.xml:43:13-90
66                android:name="flutter_deeplinking_enabled"
66-->src\main\AndroidManifest.xml:43:24-66
67                android:value="true" />
67-->src\main\AndroidManifest.xml:43:67-87
68
69            <intent-filter android:autoVerify="true" >
69-->src\main\AndroidManifest.xml:44:13-49:29
69-->src\main\AndroidManifest.xml:44:28-53
70                <action android:name="android.intent.action.VIEW" />
70-->src\main\AndroidManifest.xml:45:17-69
70-->src\main\AndroidManifest.xml:45:25-66
71
72                <category android:name="android.intent.category.DEFAULT" />
72-->src\main\AndroidManifest.xml:46:17-76
72-->src\main\AndroidManifest.xml:46:27-73
73                <category android:name="android.intent.category.BROWSABLE" />
73-->src\main\AndroidManifest.xml:47:17-78
73-->src\main\AndroidManifest.xml:47:27-75
74
75                <data
75-->src\main\AndroidManifest.xml:48:17-89
76                    android:host="groupifyfinal.com"
76-->src\main\AndroidManifest.xml:48:54-86
77                    android:scheme="groupifyfinal" />
77-->src\main\AndroidManifest.xml:48:23-53
78            </intent-filter>
79        </activity>
80
81        <!--
82             Don't delete the meta-data below.
83             This is used by the Flutter tool to generate GeneratedPluginRegistrant.java
84        -->
85        <meta-data
85-->src\main\AndroidManifest.xml:55:9-57:33
86            android:name="flutterEmbedding"
86-->src\main\AndroidManifest.xml:56:13-44
87            android:value="2" />
87-->src\main\AndroidManifest.xml:57:13-30
88
89        <service
89-->[:firebase_crashlytics] AndroidManifest.xml:10:9-14:19
90            android:name="com.google.firebase.components.ComponentDiscoveryService"
90-->[:firebase_crashlytics] AndroidManifest.xml:10:18-89
91            android:directBootAware="true"
91-->[com.google.firebase:firebase-common:20.4.2] AndroidManifest.xml:32:13-43
92            android:exported="false" >
92-->[com.google.firebase:firebase-crashlytics:18.6.1] AndroidManifest.xml:14:13-37
93            <meta-data
93-->[:firebase_crashlytics] AndroidManifest.xml:11:13-13:85
94                android:name="com.google.firebase.components:io.flutter.plugins.firebase.crashlytics.FlutterFirebaseAppRegistrar"
94-->[:firebase_crashlytics] AndroidManifest.xml:12:17-130
95                android:value="com.google.firebase.components.ComponentRegistrar" />
95-->[:firebase_crashlytics] AndroidManifest.xml:13:17-82
96            <meta-data
96-->[:firebase_auth] AndroidManifest.xml:11:13-13:85
97                android:name="com.google.firebase.components:io.flutter.plugins.firebase.auth.FlutterFirebaseAuthRegistrar"
97-->[:firebase_auth] AndroidManifest.xml:12:17-124
98                android:value="com.google.firebase.components.ComponentRegistrar" />
98-->[:firebase_auth] AndroidManifest.xml:13:17-82
99            <meta-data
99-->[:cloud_firestore] AndroidManifest.xml:11:13-13:85
100                android:name="com.google.firebase.components:io.flutter.plugins.firebase.firestore.FlutterFirebaseFirestoreRegistrar"
100-->[:cloud_firestore] AndroidManifest.xml:12:17-134
101                android:value="com.google.firebase.components.ComponentRegistrar" />
101-->[:cloud_firestore] AndroidManifest.xml:13:17-82
102            <meta-data
102-->[:firebase_performance] AndroidManifest.xml:13:13-15:85
103                android:name="com.google.firebase.components:io.flutter.plugins.firebase.performance.FlutterFirebaseAppRegistrar"
103-->[:firebase_performance] AndroidManifest.xml:14:17-130
104                android:value="com.google.firebase.components.ComponentRegistrar" />
104-->[:firebase_performance] AndroidManifest.xml:15:17-82
105            <meta-data
105-->[:firebase_core] AndroidManifest.xml:11:13-13:85
106                android:name="com.google.firebase.components:io.flutter.plugins.firebase.core.FlutterFirebaseCoreRegistrar"
106-->[:firebase_core] AndroidManifest.xml:12:17-124
107                android:value="com.google.firebase.components.ComponentRegistrar" />
107-->[:firebase_core] AndroidManifest.xml:13:17-82
108            <meta-data
108-->[com.google.firebase:firebase-crashlytics:18.6.1] AndroidManifest.xml:15:13-17:85
109                android:name="com.google.firebase.components:com.google.firebase.crashlytics.FirebaseCrashlyticsKtxRegistrar"
109-->[com.google.firebase:firebase-crashlytics:18.6.1] AndroidManifest.xml:16:17-126
110                android:value="com.google.firebase.components.ComponentRegistrar" />
110-->[com.google.firebase:firebase-crashlytics:18.6.1] AndroidManifest.xml:17:17-82
111            <meta-data
111-->[com.google.firebase:firebase-crashlytics:18.6.1] AndroidManifest.xml:18:13-20:85
112                android:name="com.google.firebase.components:com.google.firebase.crashlytics.CrashlyticsRegistrar"
112-->[com.google.firebase:firebase-crashlytics:18.6.1] AndroidManifest.xml:19:17-115
113                android:value="com.google.firebase.components.ComponentRegistrar" />
113-->[com.google.firebase:firebase-crashlytics:18.6.1] AndroidManifest.xml:20:17-82
114            <meta-data
114-->[com.google.firebase:firebase-perf:20.5.1] AndroidManifest.xml:14:13-16:85
115                android:name="com.google.firebase.components:com.google.firebase.perf.FirebasePerfKtxRegistrar"
115-->[com.google.firebase:firebase-perf:20.5.1] AndroidManifest.xml:15:17-112
116                android:value="com.google.firebase.components.ComponentRegistrar" />
116-->[com.google.firebase:firebase-perf:20.5.1] AndroidManifest.xml:16:17-82
117            <meta-data
117-->[com.google.firebase:firebase-perf:20.5.1] AndroidManifest.xml:17:13-19:85
118                android:name="com.google.firebase.components:com.google.firebase.perf.FirebasePerfRegistrar"
118-->[com.google.firebase:firebase-perf:20.5.1] AndroidManifest.xml:18:17-109
119                android:value="com.google.firebase.components.ComponentRegistrar" />
119-->[com.google.firebase:firebase-perf:20.5.1] AndroidManifest.xml:19:17-82
120            <meta-data
120-->[com.google.firebase:firebase-auth:22.3.1] AndroidManifest.xml:69:13-71:85
121                android:name="com.google.firebase.components:com.google.firebase.auth.FirebaseAuthRegistrar"
121-->[com.google.firebase:firebase-auth:22.3.1] AndroidManifest.xml:70:17-109
122                android:value="com.google.firebase.components.ComponentRegistrar" />
122-->[com.google.firebase:firebase-auth:22.3.1] AndroidManifest.xml:71:17-82
123            <meta-data
123-->[com.google.firebase:firebase-firestore:24.10.1] AndroidManifest.xml:17:13-19:85
124                android:name="com.google.firebase.components:com.google.firebase.firestore.FirebaseFirestoreKtxRegistrar"
124-->[com.google.firebase:firebase-firestore:24.10.1] AndroidManifest.xml:18:17-122
125                android:value="com.google.firebase.components.ComponentRegistrar" />
125-->[com.google.firebase:firebase-firestore:24.10.1] AndroidManifest.xml:19:17-82
126            <meta-data
126-->[com.google.firebase:firebase-firestore:24.10.1] AndroidManifest.xml:20:13-22:85
127                android:name="com.google.firebase.components:com.google.firebase.firestore.FirestoreRegistrar"
127-->[com.google.firebase:firebase-firestore:24.10.1] AndroidManifest.xml:21:17-111
128                android:value="com.google.firebase.components.ComponentRegistrar" />
128-->[com.google.firebase:firebase-firestore:24.10.1] AndroidManifest.xml:22:17-82
129            <meta-data
129-->[com.google.firebase:firebase-config:21.6.0] AndroidManifest.xml:29:13-31:85
130                android:name="com.google.firebase.components:com.google.firebase.remoteconfig.FirebaseRemoteConfigKtxRegistrar"
130-->[com.google.firebase:firebase-config:21.6.0] AndroidManifest.xml:30:17-128
131                android:value="com.google.firebase.components.ComponentRegistrar" />
131-->[com.google.firebase:firebase-config:21.6.0] AndroidManifest.xml:31:17-82
132            <meta-data
132-->[com.google.firebase:firebase-config:21.6.0] AndroidManifest.xml:32:13-34:85
133                android:name="com.google.firebase.components:com.google.firebase.remoteconfig.RemoteConfigRegistrar"
133-->[com.google.firebase:firebase-config:21.6.0] AndroidManifest.xml:33:17-117
134                android:value="com.google.firebase.components.ComponentRegistrar" />
134-->[com.google.firebase:firebase-config:21.6.0] AndroidManifest.xml:34:17-82
135            <meta-data
135-->[com.google.firebase:firebase-sessions:1.2.1] AndroidManifest.xml:29:13-31:85
136                android:name="com.google.firebase.components:com.google.firebase.sessions.FirebaseSessionsRegistrar"
136-->[com.google.firebase:firebase-sessions:1.2.1] AndroidManifest.xml:30:17-117
137                android:value="com.google.firebase.components.ComponentRegistrar" />
137-->[com.google.firebase:firebase-sessions:1.2.1] AndroidManifest.xml:31:17-82
138            <meta-data
138-->[com.google.firebase:firebase-installations:17.2.0] AndroidManifest.xml:15:13-17:85
139                android:name="com.google.firebase.components:com.google.firebase.installations.FirebaseInstallationsKtxRegistrar"
139-->[com.google.firebase:firebase-installations:17.2.0] AndroidManifest.xml:16:17-130
140                android:value="com.google.firebase.components.ComponentRegistrar" />
140-->[com.google.firebase:firebase-installations:17.2.0] AndroidManifest.xml:17:17-82
141            <meta-data
141-->[com.google.firebase:firebase-installations:17.2.0] AndroidManifest.xml:18:13-20:85
142                android:name="com.google.firebase.components:com.google.firebase.installations.FirebaseInstallationsRegistrar"
142-->[com.google.firebase:firebase-installations:17.2.0] AndroidManifest.xml:19:17-127
143                android:value="com.google.firebase.components.ComponentRegistrar" />
143-->[com.google.firebase:firebase-installations:17.2.0] AndroidManifest.xml:20:17-82
144            <meta-data
144-->[com.google.firebase:firebase-common-ktx:20.4.2] AndroidManifest.xml:12:13-14:85
145                android:name="com.google.firebase.components:com.google.firebase.ktx.FirebaseCommonLegacyRegistrar"
145-->[com.google.firebase:firebase-common-ktx:20.4.2] AndroidManifest.xml:13:17-116
146                android:value="com.google.firebase.components.ComponentRegistrar" />
146-->[com.google.firebase:firebase-common-ktx:20.4.2] AndroidManifest.xml:14:17-82
147            <meta-data
147-->[com.google.firebase:firebase-common:20.4.2] AndroidManifest.xml:35:13-37:85
148                android:name="com.google.firebase.components:com.google.firebase.FirebaseCommonKtxRegistrar"
148-->[com.google.firebase:firebase-common:20.4.2] AndroidManifest.xml:36:17-109
149                android:value="com.google.firebase.components.ComponentRegistrar" />
149-->[com.google.firebase:firebase-common:20.4.2] AndroidManifest.xml:37:17-82
150            <meta-data
150-->[com.google.firebase:firebase-datatransport:18.1.8] AndroidManifest.xml:27:13-29:85
151                android:name="com.google.firebase.components:com.google.firebase.datatransport.TransportRegistrar"
151-->[com.google.firebase:firebase-datatransport:18.1.8] AndroidManifest.xml:28:17-115
152                android:value="com.google.firebase.components.ComponentRegistrar" />
152-->[com.google.firebase:firebase-datatransport:18.1.8] AndroidManifest.xml:29:17-82
153            <meta-data
153-->[com.google.firebase:firebase-abt:21.1.1] AndroidManifest.xml:12:13-14:85
154                android:name="com.google.firebase.components:com.google.firebase.abt.component.AbtRegistrar"
154-->[com.google.firebase:firebase-abt:21.1.1] AndroidManifest.xml:13:17-109
155                android:value="com.google.firebase.components.ComponentRegistrar" />
155-->[com.google.firebase:firebase-abt:21.1.1] AndroidManifest.xml:14:17-82
156        </service>
157
158        <activity
158-->[:url_launcher_android] AndroidManifest.xml:10:9-13:74
159            android:name="io.flutter.plugins.urllauncher.WebViewActivity"
159-->[:url_launcher_android] AndroidManifest.xml:11:13-74
160            android:exported="false"
160-->[:url_launcher_android] AndroidManifest.xml:12:13-37
161            android:theme="@android:style/Theme.NoTitleBar.Fullscreen" />
161-->[:url_launcher_android] AndroidManifest.xml:13:13-71
162        <activity
162-->[com.google.firebase:firebase-auth:22.3.1] AndroidManifest.xml:29:9-46:20
163            android:name="com.google.firebase.auth.internal.GenericIdpActivity"
163-->[com.google.firebase:firebase-auth:22.3.1] AndroidManifest.xml:30:13-80
164            android:excludeFromRecents="true"
164-->[com.google.firebase:firebase-auth:22.3.1] AndroidManifest.xml:31:13-46
165            android:exported="true"
165-->[com.google.firebase:firebase-auth:22.3.1] AndroidManifest.xml:32:13-36
166            android:launchMode="singleTask"
166-->[com.google.firebase:firebase-auth:22.3.1] AndroidManifest.xml:33:13-44
167            android:theme="@android:style/Theme.Translucent.NoTitleBar" >
167-->[com.google.firebase:firebase-auth:22.3.1] AndroidManifest.xml:34:13-72
168            <intent-filter>
168-->[com.google.firebase:firebase-auth:22.3.1] AndroidManifest.xml:35:13-45:29
169                <action android:name="android.intent.action.VIEW" />
169-->src\main\AndroidManifest.xml:45:17-69
169-->src\main\AndroidManifest.xml:45:25-66
170
171                <category android:name="android.intent.category.DEFAULT" />
171-->src\main\AndroidManifest.xml:46:17-76
171-->src\main\AndroidManifest.xml:46:27-73
172                <category android:name="android.intent.category.BROWSABLE" />
172-->src\main\AndroidManifest.xml:47:17-78
172-->src\main\AndroidManifest.xml:47:27-75
173
174                <data
174-->src\main\AndroidManifest.xml:48:17-89
175                    android:host="firebase.auth"
175-->src\main\AndroidManifest.xml:48:54-86
176                    android:path="/"
177                    android:scheme="genericidp" />
177-->src\main\AndroidManifest.xml:48:23-53
178            </intent-filter>
179        </activity>
180        <activity
180-->[com.google.firebase:firebase-auth:22.3.1] AndroidManifest.xml:47:9-64:20
181            android:name="com.google.firebase.auth.internal.RecaptchaActivity"
181-->[com.google.firebase:firebase-auth:22.3.1] AndroidManifest.xml:48:13-79
182            android:excludeFromRecents="true"
182-->[com.google.firebase:firebase-auth:22.3.1] AndroidManifest.xml:49:13-46
183            android:exported="true"
183-->[com.google.firebase:firebase-auth:22.3.1] AndroidManifest.xml:50:13-36
184            android:launchMode="singleTask"
184-->[com.google.firebase:firebase-auth:22.3.1] AndroidManifest.xml:51:13-44
185            android:theme="@android:style/Theme.Translucent.NoTitleBar" >
185-->[com.google.firebase:firebase-auth:22.3.1] AndroidManifest.xml:52:13-72
186            <intent-filter>
186-->[com.google.firebase:firebase-auth:22.3.1] AndroidManifest.xml:53:13-63:29
187                <action android:name="android.intent.action.VIEW" />
187-->src\main\AndroidManifest.xml:45:17-69
187-->src\main\AndroidManifest.xml:45:25-66
188
189                <category android:name="android.intent.category.DEFAULT" />
189-->src\main\AndroidManifest.xml:46:17-76
189-->src\main\AndroidManifest.xml:46:27-73
190                <category android:name="android.intent.category.BROWSABLE" />
190-->src\main\AndroidManifest.xml:47:17-78
190-->src\main\AndroidManifest.xml:47:27-75
191
192                <data
192-->src\main\AndroidManifest.xml:48:17-89
193                    android:host="firebase.auth"
193-->src\main\AndroidManifest.xml:48:54-86
194                    android:path="/"
195                    android:scheme="recaptcha" />
195-->src\main\AndroidManifest.xml:48:23-53
196            </intent-filter>
197        </activity>
198
199        <service
199-->[com.google.firebase:firebase-sessions:1.2.1] AndroidManifest.xml:22:9-25:40
200            android:name="com.google.firebase.sessions.SessionLifecycleService"
200-->[com.google.firebase:firebase-sessions:1.2.1] AndroidManifest.xml:23:13-80
201            android:enabled="true"
201-->[com.google.firebase:firebase-sessions:1.2.1] AndroidManifest.xml:24:13-35
202            android:exported="false" />
202-->[com.google.firebase:firebase-sessions:1.2.1] AndroidManifest.xml:25:13-37
203
204        <uses-library
204-->[androidx.window:window:1.0.0-beta04] AndroidManifest.xml:25:9-27:40
205            android:name="androidx.window.extensions"
205-->[androidx.window:window:1.0.0-beta04] AndroidManifest.xml:26:13-54
206            android:required="false" />
206-->[androidx.window:window:1.0.0-beta04] AndroidManifest.xml:27:13-37
207        <uses-library
207-->[androidx.window:window:1.0.0-beta04] AndroidManifest.xml:28:9-30:40
208            android:name="androidx.window.sidecar"
208-->[androidx.window:window:1.0.0-beta04] AndroidManifest.xml:29:13-51
209            android:required="false" />
209-->[androidx.window:window:1.0.0-beta04] AndroidManifest.xml:30:13-37
210
211        <provider
211-->[com.google.firebase:firebase-common:20.4.2] AndroidManifest.xml:23:9-28:39
212            android:name="com.google.firebase.provider.FirebaseInitProvider"
212-->[com.google.firebase:firebase-common:20.4.2] AndroidManifest.xml:24:13-77
213            android:authorities="com.mycompany.Groupify.firebaseinitprovider"
213-->[com.google.firebase:firebase-common:20.4.2] AndroidManifest.xml:25:13-72
214            android:directBootAware="true"
214-->[com.google.firebase:firebase-common:20.4.2] AndroidManifest.xml:26:13-43
215            android:exported="false"
215-->[com.google.firebase:firebase-common:20.4.2] AndroidManifest.xml:27:13-37
216            android:initOrder="100" />
216-->[com.google.firebase:firebase-common:20.4.2] AndroidManifest.xml:28:13-36
217
218        <service
218-->[com.google.android.datatransport:transport-backend-cct:3.1.9] AndroidManifest.xml:28:9-34:19
219            android:name="com.google.android.datatransport.runtime.backends.TransportBackendDiscovery"
219-->[com.google.android.datatransport:transport-backend-cct:3.1.9] AndroidManifest.xml:29:13-103
220            android:exported="false" >
220-->[com.google.android.datatransport:transport-backend-cct:3.1.9] AndroidManifest.xml:30:13-37
221            <meta-data
221-->[com.google.android.datatransport:transport-backend-cct:3.1.9] AndroidManifest.xml:31:13-33:39
222                android:name="backend:com.google.android.datatransport.cct.CctBackendFactory"
222-->[com.google.android.datatransport:transport-backend-cct:3.1.9] AndroidManifest.xml:32:17-94
223                android:value="cct" />
223-->[com.google.android.datatransport:transport-backend-cct:3.1.9] AndroidManifest.xml:33:17-36
224        </service>
225
226        <activity
226-->[com.google.android.gms:play-services-auth:20.7.0] AndroidManifest.xml:23:9-27:75
227            android:name="com.google.android.gms.auth.api.signin.internal.SignInHubActivity"
227-->[com.google.android.gms:play-services-auth:20.7.0] AndroidManifest.xml:24:13-93
228            android:excludeFromRecents="true"
228-->[com.google.android.gms:play-services-auth:20.7.0] AndroidManifest.xml:25:13-46
229            android:exported="false"
229-->[com.google.android.gms:play-services-auth:20.7.0] AndroidManifest.xml:26:13-37
230            android:theme="@android:style/Theme.Translucent.NoTitleBar" />
230-->[com.google.android.gms:play-services-auth:20.7.0] AndroidManifest.xml:27:13-72
231        <!--
232            Service handling Google Sign-In user revocation. For apps that do not integrate with
233            Google Sign-In, this service will never be started.
234        -->
235        <service
235-->[com.google.android.gms:play-services-auth:20.7.0] AndroidManifest.xml:33:9-37:51
236            android:name="com.google.android.gms.auth.api.signin.RevocationBoundService"
236-->[com.google.android.gms:play-services-auth:20.7.0] AndroidManifest.xml:34:13-89
237            android:exported="true"
237-->[com.google.android.gms:play-services-auth:20.7.0] AndroidManifest.xml:35:13-36
238            android:permission="com.google.android.gms.auth.api.signin.permission.REVOCATION_NOTIFICATION"
238-->[com.google.android.gms:play-services-auth:20.7.0] AndroidManifest.xml:36:13-107
239            android:visibleToInstantApps="true" />
239-->[com.google.android.gms:play-services-auth:20.7.0] AndroidManifest.xml:37:13-48
240
241        <activity
241-->[com.google.android.gms:play-services-base:18.0.1] AndroidManifest.xml:20:9-22:45
242            android:name="com.google.android.gms.common.api.GoogleApiActivity"
242-->[com.google.android.gms:play-services-base:18.0.1] AndroidManifest.xml:20:19-85
243            android:exported="false"
243-->[com.google.android.gms:play-services-base:18.0.1] AndroidManifest.xml:22:19-43
244            android:theme="@android:style/Theme.Translucent.NoTitleBar" />
244-->[com.google.android.gms:play-services-base:18.0.1] AndroidManifest.xml:21:19-78
245
246        <meta-data
246-->[com.google.android.gms:play-services-basement:18.2.0] AndroidManifest.xml:21:9-23:69
247            android:name="com.google.android.gms.version"
247-->[com.google.android.gms:play-services-basement:18.2.0] AndroidManifest.xml:22:13-58
248            android:value="@integer/google_play_services_version" />
248-->[com.google.android.gms:play-services-basement:18.2.0] AndroidManifest.xml:23:13-66
249
250        <provider
250-->[androidx.lifecycle:lifecycle-process:2.3.1] AndroidManifest.xml:25:9-29:43
251            android:name="androidx.lifecycle.ProcessLifecycleOwnerInitializer"
251-->[androidx.lifecycle:lifecycle-process:2.3.1] AndroidManifest.xml:26:13-79
252            android:authorities="com.mycompany.Groupify.lifecycle-process"
252-->[androidx.lifecycle:lifecycle-process:2.3.1] AndroidManifest.xml:27:13-69
253            android:exported="false"
253-->[androidx.lifecycle:lifecycle-process:2.3.1] AndroidManifest.xml:28:13-37
254            android:multiprocess="true" />
254-->[androidx.lifecycle:lifecycle-process:2.3.1] AndroidManifest.xml:29:13-40
255
256        <service
256-->[com.google.android.datatransport:transport-runtime:3.1.9] AndroidManifest.xml:26:9-30:19
257            android:name="com.google.android.datatransport.runtime.scheduling.jobscheduling.JobInfoSchedulerService"
257-->[com.google.android.datatransport:transport-runtime:3.1.9] AndroidManifest.xml:27:13-117
258            android:exported="false"
258-->[com.google.android.datatransport:transport-runtime:3.1.9] AndroidManifest.xml:28:13-37
259            android:permission="android.permission.BIND_JOB_SERVICE" >
259-->[com.google.android.datatransport:transport-runtime:3.1.9] AndroidManifest.xml:29:13-69
260        </service>
261
262        <receiver
262-->[com.google.android.datatransport:transport-runtime:3.1.9] AndroidManifest.xml:32:9-34:40
263            android:name="com.google.android.datatransport.runtime.scheduling.jobscheduling.AlarmManagerSchedulerBroadcastReceiver"
263-->[com.google.android.datatransport:transport-runtime:3.1.9] AndroidManifest.xml:33:13-132
264            android:exported="false" />
264-->[com.google.android.datatransport:transport-runtime:3.1.9] AndroidManifest.xml:34:13-37
265    </application>
266
267</manifest>